<?xml version="1.0" encoding="UTF-8"?>
<!-- Generated by org.testng.reporters.JUnitXMLReporter -->
<testsuite hostname="LAPTOP-9Q779FD5" failures="0" tests="12" name="Test" time="0.016" errors="0" timestamp="22 Dec 2021 11:55:45 GMT">
  <testcase classname="rahulshettyacademy.APITest" name="deletetwitter" time="0.004"/>
  <testcase classname="rahulshettyacademy.APITest" name="postjira" time="0.004"/>
  <testcase classname="rahulshettyacademy.Mavenjava.seleniumtest" name="BrowserAutomation" time="0.0"/>
  <testcase classname="rahulshettyacademy.Mavenjava.seleniumtest" name="ElementsUI" time="0.001"/>
  <testcase classname="rahulshettyacademy.Mavenjava.APItest" name="deletetwitter" time="0.0"/>
  <testcase classname="rahulshettyacademy.Mavenjava.APItest" name="postjira" time="0.0"/>
  <testcase classname="rahulshettyacademy.AppiumTest" name="IOSapp" time="0.0"/>
  <testcase classname="rahulshettyacademy.AppiumTest" name="nativeappandroid" time="0.0"/>
  <testcase classname="rahulshettyacademy.seleniumTest" name="BrowserAutomation" time="0.0"/>
  <testcase classname="rahulshettyacademy.seleniumTest" name="ElementsUI" time="0.0"/>
  <testcase classname="rahulshettyacademy.Mavenjava.Appiumtest" name="IOSapp" time="0.0"/>
  <testcase classname="rahulshettyacademy.Mavenjava.Appiumtest" name="nativeappandroid" time="0.0"/>
</testsuite> <!-- Test -->
