<?xml version="1.0" encoding="UTF-8"?>
<!-- Generated by org.testng.reporters.JUnitXMLReporter -->
<testsuite hostname="LAPTOP-9Q779FD5" failures="0" tests="6" name="Command line test" time="0.013" errors="0" timestamp="23 Dec 2021 08:26:05 GMT">
  <testcase classname="rahulshettyacademy.APITest" name="deletetwitter" time="0.005"/>
  <testcase classname="rahulshettyacademy.APITest" name="postjira" time="0.0"/>
  <testcase classname="rahulshettyacademy.AppiumTest" name="IOSapp" time="0.0"/>
  <testcase classname="rahulshettyacademy.AppiumTest" name="nativeappandroid" time="0.0"/>
  <testcase classname="rahulshettyacademy.seleniumTest" name="BrowserAutomation" time="0.0"/>
  <testcase classname="rahulshettyacademy.seleniumTest" name="ElementsUI" time="0.0"/>
</testsuite> <!-- Command line test -->
