<?xml version="1.0" encoding="UTF-8"?>
<!-- Generated by org.testng.reporters.JUnitXMLReporter -->
<testsuite ignored="0" hostname="LAPTOP-9Q779FD5" failures="0" tests="6" name="Surefire test" time="0.027" errors="0" timestamp="2021-12-22T17:10:26 IST">
  <testcase classname="rahulshettyacademy.APITest" name="deletetwitter" time="0.003"/>
  <testcase classname="rahulshettyacademy.APITest" name="postjira" time="0.0"/>
  <testcase classname="rahulshettyacademy.AppiumTest" name="IOSapp" time="0.0"/>
  <testcase classname="rahulshettyacademy.AppiumTest" name="nativeappandroid" time="0.0"/>
  <testcase classname="rahulshettyacademy.seleniumTest" name="BrowserAutomation" time="0.0"/>
  <testcase classname="rahulshettyacademy.seleniumTest" name="ElementsUI" time="0.0"/>
</testsuite> <!-- Surefire test -->
