<?xml version="1.0" encoding="UTF-8"?>
<testng-results ignored="0" total="12" passed="12" failed="0" skipped="0">
  <reporter-output>
  </reporter-output>
  <suite started-at="2021-12-23T13:56:28 IST" name="Suite" finished-at="2021-12-23T13:56:28 IST" duration-ms="65">
    <groups>
    </groups>
    <test started-at="2021-12-23T13:56:28 IST" name="Test" finished-at="2021-12-23T13:56:28 IST" duration-ms="65">
      <class name="rahulshettyacademy.Mavenjava.APItest">
        <test-method signature="deletetwitter()[pri:0, instance:rahulshettyacademy.Mavenjava.APItest@4659191b]" started-at="2021-12-23T13:56:28 IST" name="deletetwitter" finished-at="2021-12-23T13:56:28 IST" duration-ms="1" status="PASS">
          <reporter-output>
          </reporter-output>
        </test-method> <!-- deletetwitter -->
        <test-method signature="postjira()[pri:0, instance:rahulshettyacademy.Mavenjava.APItest@4659191b]" started-at="2021-12-23T13:56:28 IST" name="postjira" finished-at="2021-12-23T13:56:28 IST" duration-ms="2" status="PASS">
          <reporter-output>
          </reporter-output>
        </test-method> <!-- postjira -->
      </class> <!-- rahulshettyacademy.Mavenjava.APItest -->
      <class name="rahulshettyacademy.APITest">
        <test-method signature="deletetwitter()[pri:0, instance:rahulshettyacademy.APITest@957e06]" started-at="2021-12-23T13:56:28 IST" name="deletetwitter" finished-at="2021-12-23T13:56:28 IST" duration-ms="7" status="PASS">
          <reporter-output>
          </reporter-output>
        </test-method> <!-- deletetwitter -->
        <test-method signature="postjira()[pri:0, instance:rahulshettyacademy.APITest@957e06]" started-at="2021-12-23T13:56:28 IST" name="postjira" finished-at="2021-12-23T13:56:28 IST" duration-ms="0" status="PASS">
          <reporter-output>
          </reporter-output>
        </test-method> <!-- postjira -->
      </class> <!-- rahulshettyacademy.APITest -->
      <class name="rahulshettyacademy.AppiumTest">
        <test-method signature="IOSapp()[pri:0, instance:rahulshettyacademy.AppiumTest@4c1909a3]" started-at="2021-12-23T13:56:28 IST" name="IOSapp" finished-at="2021-12-23T13:56:28 IST" duration-ms="2" status="PASS">
          <reporter-output>
          </reporter-output>
        </test-method> <!-- IOSapp -->
        <test-method signature="nativeappandroid()[pri:0, instance:rahulshettyacademy.AppiumTest@4c1909a3]" started-at="2021-12-23T13:56:28 IST" name="nativeappandroid" finished-at="2021-12-23T13:56:28 IST" duration-ms="0" status="PASS">
          <reporter-output>
          </reporter-output>
        </test-method> <!-- nativeappandroid -->
      </class> <!-- rahulshettyacademy.AppiumTest -->
      <class name="rahulshettyacademy.seleniumTest">
        <test-method signature="BrowserAutomation()[pri:0, instance:rahulshettyacademy.seleniumTest@428640fa]" started-at="2021-12-23T13:56:28 IST" name="BrowserAutomation" finished-at="2021-12-23T13:56:28 IST" duration-ms="0" status="PASS">
          <reporter-output>
          </reporter-output>
        </test-method> <!-- BrowserAutomation -->
        <test-method signature="ElementsUI()[pri:0, instance:rahulshettyacademy.seleniumTest@428640fa]" started-at="2021-12-23T13:56:28 IST" name="ElementsUI" finished-at="2021-12-23T13:56:28 IST" duration-ms="1" status="PASS">
          <reporter-output>
          </reporter-output>
        </test-method> <!-- ElementsUI -->
      </class> <!-- rahulshettyacademy.seleniumTest -->
      <class name="rahulshettyacademy.Mavenjava.seleniumtest">
        <test-method signature="BrowserAutomation()[pri:0, instance:rahulshettyacademy.Mavenjava.seleniumtest@2dc54ad4]" started-at="2021-12-23T13:56:28 IST" name="BrowserAutomation" finished-at="2021-12-23T13:56:28 IST" duration-ms="1" status="PASS">
          <reporter-output>
          </reporter-output>
        </test-method> <!-- BrowserAutomation -->
        <test-method signature="ElementsUI()[pri:0, instance:rahulshettyacademy.Mavenjava.seleniumtest@2dc54ad4]" started-at="2021-12-23T13:56:28 IST" name="ElementsUI" finished-at="2021-12-23T13:56:28 IST" duration-ms="1" status="PASS">
          <reporter-output>
          </reporter-output>
        </test-method> <!-- ElementsUI -->
      </class> <!-- rahulshettyacademy.Mavenjava.seleniumtest -->
      <class name="rahulshettyacademy.Mavenjava.Appiumtest">
        <test-method signature="IOSapp()[pri:0, instance:rahulshettyacademy.Mavenjava.Appiumtest@d9345cd]" started-at="2021-12-23T13:56:28 IST" name="IOSapp" finished-at="2021-12-23T13:56:28 IST" duration-ms="2" status="PASS">
          <reporter-output>
          </reporter-output>
        </test-method> <!-- IOSapp -->
        <test-method signature="nativeappandroid()[pri:0, instance:rahulshettyacademy.Mavenjava.Appiumtest@d9345cd]" started-at="2021-12-23T13:56:28 IST" name="nativeappandroid" finished-at="2021-12-23T13:56:28 IST" duration-ms="0" status="PASS">
          <reporter-output>
          </reporter-output>
        </test-method> <!-- nativeappandroid -->
      </class> <!-- rahulshettyacademy.Mavenjava.Appiumtest -->
    </test> <!-- Test -->
  </suite> <!-- Suite -->
</testng-results>
