<?xml version="1.0" encoding="UTF-8"?>
<!-- Generated by org.testng.reporters.JUnitXMLReporter -->
<testsuite ignored="0" hostname="LAPTOP-9Q779FD5" failures="0" tests="12" name="Test" time="0.065" errors="0" timestamp="2021-12-23T13:56:28 IST">
  <testcase classname="rahulshettyacademy.APITest" name="deletetwitter" time="0.007"/>
  <testcase classname="rahulshettyacademy.APITest" name="postjira" time="0.0"/>
  <testcase classname="rahulshettyacademy.Mavenjava.seleniumtest" name="BrowserAutomation" time="0.001"/>
  <testcase classname="rahulshettyacademy.Mavenjava.seleniumtest" name="ElementsUI" time="0.001"/>
  <testcase classname="rahulshettyacademy.Mavenjava.APItest" name="deletetwitter" time="0.001"/>
  <testcase classname="rahulshettyacademy.Mavenjava.APItest" name="postjira" time="0.002"/>
  <testcase classname="rahulshettyacademy.AppiumTest" name="IOSapp" time="0.002"/>
  <testcase classname="rahulshettyacademy.AppiumTest" name="nativeappandroid" time="0.0"/>
  <testcase classname="rahulshettyacademy.seleniumTest" name="BrowserAutomation" time="0.0"/>
  <testcase classname="rahulshettyacademy.seleniumTest" name="ElementsUI" time="0.001"/>
  <testcase classname="rahulshettyacademy.Mavenjava.Appiumtest" name="IOSapp" time="0.002"/>
  <testcase classname="rahulshettyacademy.Mavenjava.Appiumtest" name="nativeappandroid" time="0.0"/>
</testsuite> <!-- Test -->
